#
# There is insufficient memory for the Java Runtime Environment to continue.
# Native memory allocation (malloc) failed to allocate 739376 bytes for Chunk::new
# Possible reasons:
#   The system is out of physical RAM or swap space
#   In 32 bit mode, the process size limit was hit
# Possible solutions:
#   Reduce memory load on the system
#   Increase physical memory or swap space
#   Check if swap backing store is full
#   Use 64 bit Java on a 64 bit OS
#   Decrease Java heap size (-Xmx/-Xms)
#   Decrease number of Java threads
#   Decrease Java thread stack sizes (-Xss)
#   Set larger code cache with -XX:ReservedCodeCacheSize=
# This output file may be truncated or incomplete.
#
#  Out of Memory Error (allocation.cpp:390), pid=8944, tid=13188
#
# JRE version: Java(TM) SE Runtime Environment (8.0_73-b02) (build 1.8.0_73-b02)
# Java VM: Java HotSpot(TM) 64-Bit Server VM (25.73-b02 mixed mode windows-amd64 compressed oops)
# Failed to write core dump. Minidumps are not enabled by default on client versions of Windows
#

---------------  T H R E A D  ---------------

Current thread (0x000000001a050000):  JavaThread "C2 CompilerThread0" daemon [_thread_in_native, id=13188, stack(0x000000001a6a0000,0x000000001a7a0000)]

Stack: [0x000000001a6a0000,0x000000001a7a0000]
[error occurred during error reporting (printing stack bounds), id 0xc0000005]

Native frames: (J=compiled Java code, j=interpreted, Vv=VM code, C=native code)


Current CompileTask:
C2:   2528 1880   !   4       java.net.URLClassLoader$1::run (63 bytes)


---------------  P R O C E S S  ---------------

Java Threads: ( => current thread )
  0x000000001c209000 JavaThread "Abandoned connection cleanup thread" daemon [_thread_blocked, id=13964, stack(0x000000001e8f0000,0x000000001e9f0000)]
  0x000000001b9c0000 JavaThread "commons-pool-evictor-thread" [_thread_blocked, id=9788, stack(0x000000001e3f0000,0x000000001e4f0000)]
  0x000000001b66d000 JavaThread "Log4j2-TF-5-Scheduled-1" daemon [_thread_blocked, id=14256, stack(0x000000001c820000,0x000000001c920000)]
  0x000000001a086000 JavaThread "Service Thread" daemon [_thread_blocked, id=14212, stack(0x000000001aaa0000,0x000000001aba0000)]
  0x000000001a054000 JavaThread "C1 CompilerThread3" daemon [_thread_blocked, id=1740, stack(0x000000001a9a0000,0x000000001aaa0000)]
  0x000000001a053800 JavaThread "C2 CompilerThread2" daemon [_thread_in_native, id=9996, stack(0x000000001a8a0000,0x000000001a9a0000)]
  0x000000001a051800 JavaThread "C2 CompilerThread1" daemon [_thread_in_native, id=11452, stack(0x000000001a7a0000,0x000000001a8a0000)]
=>0x000000001a050000 JavaThread "C2 CompilerThread0" daemon [_thread_in_native, id=13188, stack(0x000000001a6a0000,0x000000001a7a0000)]
  0x000000001a043800 JavaThread "Monitor Ctrl-Break" daemon [_thread_in_native, id=10060, stack(0x000000001a5a0000,0x000000001a6a0000)]
  0x0000000019fe1000 JavaThread "Attach Listener" daemon [_thread_blocked, id=2040, stack(0x000000001a4a0000,0x000000001a5a0000)]
  0x000000001a030800 JavaThread "Signal Dispatcher" daemon [_thread_blocked, id=4516, stack(0x000000001a3a0000,0x000000001a4a0000)]
  0x000000000304d800 JavaThread "Finalizer" daemon [_thread_blocked, id=11324, stack(0x0000000019ea0000,0x0000000019fa0000)]
  0x0000000003047000 JavaThread "Reference Handler" daemon [_thread_blocked, id=4336, stack(0x0000000019da0000,0x0000000019ea0000)]
  0x0000000002f55000 JavaThread "main" [_thread_in_vm, id=12508, stack(0x0000000002c40000,0x0000000002d40000)]

Other Threads:
  0x0000000017fc9800 VMThread [stack: 0x0000000019ca0000,0x0000000019da0000] [id=6960]
  0x000000001a167000 WatcherThread [stack: 0x000000001aba0000,0x000000001aca0000] [id=9096]

VM state:not at safepoint (normal execution)

VM Mutex/Monitor currently owned by a thread:  ([mutex/lock_event])
[0x0000000002f545f0] Compile_lock - owner thread: 0x000000001a054000
[0x0000000002f52c70] MethodCompileQueue_lock - owner thread: 0x0000000000000000

Heap:
 PSYoungGen      total 71680K, used 22900K [0x00000000d5f00000, 0x00000000dd080000, 0x0000000100000000)
  eden space 66560K, 26% used [0x00000000d5f00000,0x00000000d70607a8,0x00000000da000000)
  from space 5120K, 99% used [0x00000000da000000,0x00000000da4fc990,0x00000000da500000)
  to   space 8704K, 0% used [0x00000000dc800000,0x00000000dc800000,0x00000000dd080000)
 ParOldGen       total 59392K, used 9139K [0x0000000081c00000, 0x0000000085600000, 0x00000000d5f00000)
  object space 59392K, 15% used [0x0000000081c00000,0x00000000824ecd38,0x0000000085600000)
 Metaspace       used 28329K, capacity 28772K, committed 28928K, reserved 1075200K
  class space    used 3421K, capacity 3514K, committed 3584K, reserved 1048576K

Card table byte_map: [0x0000000012410000,0x0000000012810000] byte_map_base: 0x0000000012002000

Marking Bits: (ParMarkBitMap*) 0x000000005acd0600
 Begin Bits: [0x00000000132c0000, 0x0000000015250000)
 End Bits:   [0x0000000015250000, 0x00000000171e0000)

Polling page: 0x0000000002860000

CodeCache: size=245760Kb used=8051Kb max_used=8051Kb free=237708Kb
 bounds [0x0000000003050000, 0x0000000003830000, 0x0000000012050000]
 total_blobs=2711 nmethods=2234 adapters=389
 compilation: enabled

Compilation events (10 events):
Event: 2.503 Thread 0x000000001a054000 nmethod 2202 0x00000000037f7ad0 code [0x00000000037f7c40, 0x00000000037f7dc8]
Event: 2.503 Thread 0x000000001a054000 2204       3       org.aspectj.weaver.internal.tools.PointcutExpressionImpl::matchesExecution (41 bytes)
Event: 2.504 Thread 0x000000001a054000 nmethod 2204 0x00000000037f7e50 code [0x00000000037f7fe0, 0x00000000037f8408]
Event: 2.504 Thread 0x000000001a054000 2205       3       org.aspectj.weaver.reflect.ShadowMatchImpl::<init> (37 bytes)
Event: 2.504 Thread 0x000000001a054000 nmethod 2205 0x00000000037f8610 code [0x00000000037f87a0, 0x00000000037f8c50]
Event: 2.504 Thread 0x000000001a054000 2203       3       org.springframework.core.MethodClassKey::equals (55 bytes)
Event: 2.504 Thread 0x000000001a054000 nmethod 2203 0x00000000037f8f10 code [0x00000000037f90a0, 0x00000000037f9618]
Event: 2.504 Thread 0x000000001a054000 2209       3       org.aspectj.weaver.ResolvedType::equals (24 bytes)
Event: 2.504 Thread 0x000000001a054000 nmethod 2209 0x00000000037f9750 code [0x00000000037f98e0, 0x00000000037f9f08]
Event: 2.505 Thread 0x000000001a054000 2206       3       java.util.AbstractList::listIterator (15 bytes)

GC Heap History (10 events):
Event: 1.046 GC heap before
{Heap before GC invocations=2 (full 0):
 PSYoungGen      total 38400K, used 37804K [0x00000000d5f00000, 0x00000000d8980000, 0x0000000100000000)
  eden space 33280K, 100% used [0x00000000d5f00000,0x00000000d7f80000,0x00000000d7f80000)
  from space 5120K, 88% used [0x00000000d7f80000,0x00000000d83eb038,0x00000000d8480000)
  to   space 5120K, 0% used [0x00000000d8480000,0x00000000d8480000,0x00000000d8980000)
 ParOldGen       total 87552K, used 8K [0x0000000081c00000, 0x0000000087180000, 0x00000000d5f00000)
  object space 87552K, 0% used [0x0000000081c00000,0x0000000081c02000,0x0000000087180000)
 Metaspace       used 14152K, capacity 14368K, committed 14592K, reserved 1062912K
  class space    used 1729K, capacity 1788K, committed 1792K, reserved 1048576K
Event: 1.054 GC heap after
Heap after GC invocations=2 (full 0):
 PSYoungGen      total 38400K, used 5111K [0x00000000d5f00000, 0x00000000daa00000, 0x0000000100000000)
  eden space 33280K, 0% used [0x00000000d5f00000,0x00000000d5f00000,0x00000000d7f80000)
  from space 5120K, 99% used [0x00000000d8480000,0x00000000d897dc08,0x00000000d8980000)
  to   space 5120K, 0% used [0x00000000d7f80000,0x00000000d7f80000,0x00000000d8480000)
 ParOldGen       total 87552K, used 271K [0x0000000081c00000, 0x0000000087180000, 0x00000000d5f00000)
  object space 87552K, 0% used [0x0000000081c00000,0x0000000081c43dd8,0x0000000087180000)
 Metaspace       used 14152K, capacity 14368K, committed 14592K, reserved 1062912K
  class space    used 1729K, capacity 1788K, committed 1792K, reserved 1048576K
}
Event: 1.510 GC heap before
{Heap before GC invocations=3 (full 0):
 PSYoungGen      total 38400K, used 38391K [0x00000000d5f00000, 0x00000000daa00000, 0x0000000100000000)
  eden space 33280K, 100% used [0x00000000d5f00000,0x00000000d7f80000,0x00000000d7f80000)
  from space 5120K, 99% used [0x00000000d8480000,0x00000000d897dc08,0x00000000d8980000)
  to   space 5120K, 0% used [0x00000000d7f80000,0x00000000d7f80000,0x00000000d8480000)
 ParOldGen       total 87552K, used 271K [0x0000000081c00000, 0x0000000087180000, 0x00000000d5f00000)
  object space 87552K, 0% used [0x0000000081c00000,0x0000000081c43dd8,0x0000000087180000)
 Metaspace       used 18462K, capacity 18794K, committed 19072K, reserved 1067008K
  class space    used 2238K, capacity 2345K, committed 2432K, reserved 1048576K
Event: 1.516 GC heap after
Heap after GC invocations=3 (full 0):
 PSYoungGen      total 38400K, used 5119K [0x00000000d5f00000, 0x00000000daa00000, 0x0000000100000000)
  eden space 33280K, 0% used [0x00000000d5f00000,0x00000000d5f00000,0x00000000d7f80000)
  from space 5120K, 99% used [0x00000000d7f80000,0x00000000d847fcd0,0x00000000d8480000)
  to   space 5120K, 0% used [0x00000000da500000,0x00000000da500000,0x00000000daa00000)
 ParOldGen       total 87552K, used 1852K [0x0000000081c00000, 0x0000000087180000, 0x00000000d5f00000)
  object space 87552K, 2% used [0x0000000081c00000,0x0000000081dcf048,0x0000000087180000)
 Metaspace       used 18462K, capacity 18794K, committed 19072K, reserved 1067008K
  class space    used 2238K, capacity 2345K, committed 2432K, reserved 1048576K
}
Event: 1.754 GC heap before
{Heap before GC invocations=4 (full 0):
 PSYoungGen      total 38400K, used 33507K [0x00000000d5f00000, 0x00000000daa00000, 0x0000000100000000)
  eden space 33280K, 85% used [0x00000000d5f00000,0x00000000d7ab92d8,0x00000000d7f80000)
  from space 5120K, 99% used [0x00000000d7f80000,0x00000000d847fcd0,0x00000000d8480000)
  to   space 5120K, 0% used [0x00000000da500000,0x00000000da500000,0x00000000daa00000)
 ParOldGen       total 87552K, used 1852K [0x0000000081c00000, 0x0000000087180000, 0x00000000d5f00000)
  object space 87552K, 2% used [0x0000000081c00000,0x0000000081dcf048,0x0000000087180000)
 Metaspace       used 20837K, capacity 21180K, committed 21296K, reserved 1069056K
  class space    used 2533K, capacity 2640K, committed 2688K, reserved 1048576K
Event: 1.760 GC heap after
Heap after GC invocations=4 (full 0):
 PSYoungGen      total 71680K, used 5088K [0x00000000d5f00000, 0x00000000daa00000, 0x0000000100000000)
  eden space 66560K, 0% used [0x00000000d5f00000,0x00000000d5f00000,0x00000000da000000)
  from space 5120K, 99% used [0x00000000da500000,0x00000000da9f80a0,0x00000000daa00000)
  to   space 5120K, 0% used [0x00000000da000000,0x00000000da000000,0x00000000da500000)
 ParOldGen       total 87552K, used 3472K [0x0000000081c00000, 0x0000000087180000, 0x00000000d5f00000)
  object space 87552K, 3% used [0x0000000081c00000,0x0000000081f641a8,0x0000000087180000)
 Metaspace       used 20837K, capacity 21180K, committed 21296K, reserved 1069056K
  class space    used 2533K, capacity 2640K, committed 2688K, reserved 1048576K
}
Event: 1.760 GC heap before
{Heap before GC invocations=5 (full 1):
 PSYoungGen      total 71680K, used 5088K [0x00000000d5f00000, 0x00000000daa00000, 0x0000000100000000)
  eden space 66560K, 0% used [0x00000000d5f00000,0x00000000d5f00000,0x00000000da000000)
  from space 5120K, 99% used [0x00000000da500000,0x00000000da9f80a0,0x00000000daa00000)
  to   space 5120K, 0% used [0x00000000da000000,0x00000000da000000,0x00000000da500000)
 ParOldGen       total 87552K, used 3472K [0x0000000081c00000, 0x0000000087180000, 0x00000000d5f00000)
  object space 87552K, 3% used [0x0000000081c00000,0x0000000081f641a8,0x0000000087180000)
 Metaspace       used 20837K, capacity 21180K, committed 21296K, reserved 1069056K
  class space    used 2533K, capacity 2640K, committed 2688K, reserved 1048576K
Event: 1.786 GC heap after
Heap after GC invocations=5 (full 1):
 PSYoungGen      total 71680K, used 0K [0x00000000d5f00000, 0x00000000daa00000, 0x0000000100000000)
  eden space 66560K, 0% used [0x00000000d5f00000,0x00000000d5f00000,0x00000000da000000)
  from space 5120K, 0% used [0x00000000da500000,0x00000000da500000,0x00000000daa00000)
  to   space 5120K, 0% used [0x00000000da000000,0x00000000da000000,0x00000000da500000)
 ParOldGen       total 59392K, used 6613K [0x0000000081c00000, 0x0000000085600000, 0x00000000d5f00000)
  object space 59392K, 11% used [0x0000000081c00000,0x0000000082275758,0x0000000085600000)
 Metaspace       used 20837K, capacity 21180K, committed 21296K, reserved 1069056K
  class space    used 2533K, capacity 2640K, committed 2688K, reserved 1048576K
}
Event: 2.438 GC heap before
{Heap before GC invocations=6 (full 1):
 PSYoungGen      total 71680K, used 66560K [0x00000000d5f00000, 0x00000000daa00000, 0x0000000100000000)
  eden space 66560K, 100% used [0x00000000d5f00000,0x00000000da000000,0x00000000da000000)
  from space 5120K, 0% used [0x00000000da500000,0x00000000da500000,0x00000000daa00000)
  to   space 5120K, 0% used [0x00000000da000000,0x00000000da000000,0x00000000da500000)
 ParOldGen       total 59392K, used 6613K [0x0000000081c00000, 0x0000000085600000, 0x00000000d5f00000)
  object space 59392K, 11% used [0x0000000081c00000,0x0000000082275758,0x0000000085600000)
 Metaspace       used 28055K, capacity 28406K, committed 28672K, reserved 1075200K
  class space    used 3394K, capacity 3481K, committed 3584K, reserved 1048576K
Event: 2.445 GC heap after
Heap after GC invocations=6 (full 1):
 PSYoungGen      total 71680K, used 5106K [0x00000000d5f00000, 0x00000000dd080000, 0x0000000100000000)
  eden space 66560K, 0% used [0x00000000d5f00000,0x00000000d5f00000,0x00000000da000000)
  from space 5120K, 99% used [0x00000000da000000,0x00000000da4fc990,0x00000000da500000)
  to   space 8704K, 0% used [0x00000000dc800000,0x00000000dc800000,0x00000000dd080000)
 ParOldGen       total 59392K, used 9139K [0x0000000081c00000, 0x0000000085600000, 0x00000000d5f00000)
  object space 59392K, 15% used [0x0000000081c00000,0x00000000824ecd38,0x0000000085600000)
 Metaspace       used 28055K, capacity 28406K, committed 28672K, reserved 1075200K
  class space    used 3394K, capacity 3481K, committed 3584K, reserved 1048576K
}

Deoptimization events (10 events):
Event: 2.205 Thread 0x0000000002f55000 Uncommon trap: reason=unstable_if action=reinterpret pc=0x000000000348b2b0 method=com.sun.org.apache.xerces.internal.impl.XMLEntityScanner.skipString(Ljava/lang/String;)Z @ 59
Event: 2.206 Thread 0x0000000002f55000 Uncommon trap: reason=class_check action=maybe_recompile pc=0x0000000003582960 method=com.sun.org.apache.xerces.internal.impl.XMLDocumentFragmentScannerImpl$FragmentContentDriver.next()I @ 2200
Event: 2.209 Thread 0x0000000002f55000 Uncommon trap: reason=class_check action=maybe_recompile pc=0x0000000003582974 method=com.sun.org.apache.xerces.internal.impl.XMLDocumentFragmentScannerImpl$FragmentContentDriver.next()I @ 435
Event: 2.210 Thread 0x0000000002f55000 Uncommon trap: reason=class_check action=maybe_recompile pc=0x0000000003582974 method=com.sun.org.apache.xerces.internal.impl.XMLDocumentFragmentScannerImpl$FragmentContentDriver.next()I @ 435
Event: 2.210 Thread 0x0000000002f55000 Uncommon trap: reason=class_check action=maybe_recompile pc=0x0000000003582974 method=com.sun.org.apache.xerces.internal.impl.XMLDocumentFragmentScannerImpl$FragmentContentDriver.next()I @ 435
Event: 2.232 Thread 0x0000000002f55000 Uncommon trap: reason=unstable_if action=reinterpret pc=0x000000000337a5b8 method=java.util.HashMap.hash(Ljava/lang/Object;)I @ 1
Event: 2.232 Thread 0x0000000002f55000 Uncommon trap: reason=unstable_if action=reinterpret pc=0x00000000032df5e8 method=java.util.HashMap.hash(Ljava/lang/Object;)I @ 1
Event: 2.372 Thread 0x0000000002f55000 Uncommon trap: reason=unstable_if action=reinterpret pc=0x0000000003480430 method=com.sun.org.apache.xerces.internal.impl.XMLEntityScanner.skipSpaces()Z @ 236
Event: 2.374 Thread 0x0000000002f55000 Uncommon trap: reason=unstable_if action=reinterpret pc=0x0000000003547b34 method=com.sun.org.apache.xerces.internal.impl.XMLEntityScanner.scanContent(Lcom/sun/org/apache/xerces/internal/xni/XMLString;)I @ 632
Event: 2.387 Thread 0x0000000002f55000 Uncommon trap: reason=unstable_if action=reinterpret pc=0x000000000330deb4 method=java.util.HashMap.hash(Ljava/lang/Object;)I @ 1

Internal exceptions (10 events):
Event: 2.167 Thread 0x0000000002f55000 Exception <a 'java/lang/ClassNotFoundException': org/apache/commons/dbcp2/BasicDataSourceBeanInfo> (0x00000000d8c3baa8) thrown at [D:\re\puppet\workspace\8-2-build-windows-amd64-cygwin\jdk8u73\6086\hotspot\src\share\vm\classfile\systemDictionary.cpp, line þ¿ôÇèV@
Event: 2.167 Thread 0x0000000002f55000 Exception <a 'java/lang/ClassNotFoundException': org/apache/commons/dbcp2/BasicDataSourceCustomizer> (0x00000000d8c4e1c0) thrown at [D:\re\puppet\workspace\8-2-build-windows-amd64-cygwin\jdk8u73\6086\hotspot\src\share\vm\classfile\systemDictionary.cpp, lin³[Áz`@
Event: 2.172 Thread 0x0000000002f55000 Exception <a 'java/lang/ClassNotFoundException': javax/sql/DataSourceCustomizer> (0x00000000d8d09688) thrown at [D:\re\puppet\workspace\8-2-build-windows-amd64-cygwin\jdk8u73\6086\hotspot\src\share\vm\classfile\systemDictionary.cpp, line 210]
Event: 2.173 Thread 0x0000000002f55000 Exception <a 'java/lang/ClassNotFoundException': org/apache/commons/dbcp2/BasicDataSourceMXBeanCustomizer> (0x00000000d8d1f928) thrown at [D:\re\puppet\workspace\8-2-build-windows-amd64-cygwin\jdk8u73\6086\hotspot\src\share\vm\classfile\systemDictionary.cp+· °Äc@
Event: 2.174 Thread 0x0000000002f55000 Exception <a 'java/lang/ClassNotFoundException': javax/management/MBeanRegistrationCustomizer> (0x00000000d8d4d860) thrown at [D:\re\puppet\workspace\8-2-build-windows-amd64-cygwin\jdk8u73\6086\hotspot\src\share\vm\classfile\systemDictionary.cpp, line 210]ÁÊ™ñˆd@
Event: 2.174 Thread 0x0000000002f55000 Exception <a 'java/lang/ClassNotFoundException': java/lang/AutoCloseableCustomizer> (0x00000000d8d573d8) thrown at [D:\re\puppet\workspace\8-2-build-windows-amd64-cygwin\jdk8u73\6086\hotspot\src\share\vm\classfile\systemDictionary.cpp, line 210]
Event: 2.195 Thread 0x0000000002f55000 Implicit null exception at 0x0000000003243616 to 0x000000000324393d
Event: 2.232 Thread 0x0000000002f55000 Implicit null exception at 0x0000000003379f7b to 0x000000000337a59d
Event: 2.232 Thread 0x0000000002f55000 Implicit null exception at 0x00000000032df56f to 0x00000000032df5d9
Event: 2.387 Thread 0x0000000002f55000 Implicit null exception at 0x000000000330dcd5 to 0x000000000330dea5

Events (10 events):
Event: 2.502 loading class org/springframework/aop/framework/AopProxyUtils
Event: 2.502 loading class org/springframework/aop/framework/AopProxyUtils done
Event: 2.502 loading class org/apache/ibatis/session/TransactionIsolationLevel
Event: 2.503 loading class org/apache/ibatis/session/TransactionIsolationLevel done
Event: 2.504 loading class org/mybatis/spring/MyBatisExceptionTranslator
Event: 2.504 loading class org/mybatis/spring/MyBatisExceptionTranslator done
Event: 2.504 loading class org/mybatis/spring/MyBatisSystemException
Event: 2.505 loading class org/mybatis/spring/MyBatisSystemException done
Event: 2.505 loading class org/springframework/jdbc/support/SQLExceptionTranslator
Event: 2.505 loading class org/springframework/jdbc/support/SQLExceptionTranslator done


Dynamic libraries:
0x00007ff76b430000 - 0x00007ff76b467000 	G:\Java\JDK\jdk-8u73-windows-x64\JDK\bin\java.exe
0x00007ffed9350000 - 0x00007ffed9531000 	C:\WINDOWS\SYSTEM32\ntdll.dll
0x00007ffed7040000 - 0x00007ffed70f1000 	C:\WINDOWS\System32\KERNEL32.DLL
0x00007ffed5720000 - 0x00007ffed5993000 	C:\WINDOWS\System32\KERNELBASE.dll
0x00007ffed6c50000 - 0x00007ffed6cf1000 	C:\WINDOWS\System32\ADVAPI32.dll
0x00007ffed75c0000 - 0x00007ffed765e000 	C:\WINDOWS\System32\msvcrt.dll
0x00007ffed6fe0000 - 0x00007ffed703b000 	C:\WINDOWS\System32\sechost.dll
0x00007ffed6d10000 - 0x00007ffed6e34000 	C:\WINDOWS\System32\RPCRT4.dll
0x00007ffed6aa0000 - 0x00007ffed6c30000 	C:\WINDOWS\System32\USER32.dll
0x00007ffed5bf0000 - 0x00007ffed5c10000 	C:\WINDOWS\System32\win32u.dll
0x00007ffed6f20000 - 0x00007ffed6f48000 	C:\WINDOWS\System32\GDI32.dll
0x00007ffed5c90000 - 0x00007ffed5e21000 	C:\WINDOWS\System32\gdi32full.dll
0x00007ffed6030000 - 0x00007ffed60cf000 	C:\WINDOWS\System32\msvcp_win.dll
0x00007ffed5f30000 - 0x00007ffed6028000 	C:\WINDOWS\System32\ucrtbase.dll
0x00007ffebd6c0000 - 0x00007ffebd929000 	C:\WINDOWS\WinSxS\amd64_microsoft.windows.common-controls_6595b64144ccf1df_6.0.17134.950_none_fb3da4273069d3e0\COMCTL32.dll
0x00007ffed78c0000 - 0x00007ffed7be2000 	C:\WINDOWS\System32\combase.dll
0x00007ffed5c10000 - 0x00007ffed5c89000 	C:\WINDOWS\System32\bcryptPrimitives.dll
0x00007ffed6e40000 - 0x00007ffed6e6d000 	C:\WINDOWS\System32\IMM32.DLL
0x000000005ad50000 - 0x000000005ae22000 	G:\Java\JDK\jdk-8u73-windows-x64\JDK\jre\bin\msvcr100.dll
0x000000005a4c0000 - 0x000000005ad50000 	G:\Java\JDK\jdk-8u73-windows-x64\JDK\jre\bin\server\jvm.dll
0x00007ffed6960000 - 0x00007ffed6968000 	C:\WINDOWS\System32\PSAPI.DLL
0x00007ffed0640000 - 0x00007ffed064a000 	C:\WINDOWS\SYSTEM32\VERSION.dll
0x00007ffed0bc0000 - 0x00007ffed0be3000 	C:\WINDOWS\SYSTEM32\WINMM.dll
0x00007ffed10e0000 - 0x00007ffed10e9000 	C:\WINDOWS\SYSTEM32\WSOCK32.dll
0x00007ffed7100000 - 0x00007ffed716c000 	C:\WINDOWS\System32\WS2_32.dll
0x00007ffed0b90000 - 0x00007ffed0bba000 	C:\WINDOWS\SYSTEM32\WINMMBASE.dll
0x00007ffed5ee0000 - 0x00007ffed5f29000 	C:\WINDOWS\System32\cfgmgr32.dll
0x000000005a4b0000 - 0x000000005a4bf000 	G:\Java\JDK\jdk-8u73-windows-x64\JDK\jre\bin\verify.dll
0x000000005a480000 - 0x000000005a4a9000 	G:\Java\JDK\jdk-8u73-windows-x64\JDK\jre\bin\java.dll
0x000000005a430000 - 0x000000005a453000 	G:\Java\JDK\jdk-8u73-windows-x64\JDK\jre\bin\instrument.dll
0x000000005a460000 - 0x000000005a476000 	G:\Java\JDK\jdk-8u73-windows-x64\JDK\jre\bin\zip.dll
0x00007ffed7bf0000 - 0x00007ffed9030000 	C:\WINDOWS\System32\SHELL32.dll
0x00007ffed6e70000 - 0x00007ffed6f19000 	C:\WINDOWS\System32\shcore.dll
0x00007ffed60d0000 - 0x00007ffed67dd000 	C:\WINDOWS\System32\windows.storage.dll
0x00007ffed7860000 - 0x00007ffed78b1000 	C:\WINDOWS\System32\shlwapi.dll
0x00007ffed56c0000 - 0x00007ffed56d1000 	C:\WINDOWS\System32\kernel.appcore.dll
0x00007ffed5700000 - 0x00007ffed571f000 	C:\WINDOWS\System32\profapi.dll
0x00007ffed5660000 - 0x00007ffed56ac000 	C:\WINDOWS\System32\powrprof.dll
0x00007ffed56b0000 - 0x00007ffed56ba000 	C:\WINDOWS\System32\FLTLIB.DLL
0x000000005a0e0000 - 0x000000005a0fa000 	G:\Java\JDK\jdk-8u73-windows-x64\JDK\jre\bin\net.dll
0x00007ffed4ee0000 - 0x00007ffed4f46000 	C:\WINDOWS\system32\mswsock.dll
0x000000005a420000 - 0x000000005a42d000 	G:\Java\JDK\jdk-8u73-windows-x64\JDK\jre\bin\management.dll
0x00007ffeb2140000 - 0x00007ffeb2156000 	C:\WINDOWS\system32\napinsp.dll
0x00007ffeb2120000 - 0x00007ffeb213a000 	C:\WINDOWS\system32\pnrpnsp.dll
0x00007ffed14c0000 - 0x00007ffed14d9000 	C:\WINDOWS\system32\NLAapi.dll
0x00007ffed4c70000 - 0x00007ffed4d2e000 	C:\WINDOWS\SYSTEM32\DNSAPI.dll
0x00007ffed6d00000 - 0x00007ffed6d08000 	C:\WINDOWS\System32\NSI.dll
0x00007ffed4c30000 - 0x00007ffed4c68000 	C:\WINDOWS\SYSTEM32\IPHLPAPI.DLL
0x00007ffeb2110000 - 0x00007ffeb211e000 	C:\WINDOWS\System32\winrnr.dll
0x00007ffecea30000 - 0x00007ffecea3a000 	C:\Windows\System32\rasadhlp.dll
0x00007ffecd530000 - 0x00007ffecd5a2000 	C:\WINDOWS\System32\fwpuclnt.dll
0x00007ffed51c0000 - 0x00007ffed51e5000 	C:\WINDOWS\SYSTEM32\bcrypt.dll
0x000000005a0c0000 - 0x000000005a0d1000 	G:\Java\JDK\jdk-8u73-windows-x64\JDK\jre\bin\nio.dll

VM Arguments:
jvm_args: -ea -Didea.test.cyclic.buffer.size=1048576 -javaagent:D:\Èí¼þ\ideaIU-2017\IntelliJ IDEA 2017.2.5\lib\idea_rt.jar=54740:D:\Èí¼þ\ideaIU-2017\IntelliJ IDEA 2017.2.5\bin -Dfile.encoding=UTF-8 
java_command: com.intellij.rt.execution.junit.JUnitStarter -ideVersion5 -junit4 com.zking.ssm.service.IUserServiceTest,listPermissionsByUserName
java_class_path (initial): D:\Èí¼þ\ideaIU-2017\IntelliJ IDEA 2017.2.5\lib\idea_rt.jar;D:\Èí¼þ\ideaIU-2017\IntelliJ IDEA 2017.2.5\plugins\junit\lib\junit-rt.jar;D:\Èí¼þ\ideaIU-2017\IntelliJ IDEA 2017.2.5\plugins\junit\lib\junit5-rt.jar;G:\Java\JDK\jdk-8u73-windows-x64\JDK\jre\lib\charsets.jar;G:\Java\JDK\jdk-8u73-windows-x64\JDK\jre\lib\deploy.jar;G:\Java\JDK\jdk-8u73-windows-x64\JDK\jre\lib\ext\access-bridge-64.jar;G:\Java\JDK\jdk-8u73-windows-x64\JDK\jre\lib\ext\cldrdata.jar;G:\Java\JDK\jdk-8u73-windows-x64\JDK\jre\lib\ext\dnsns.jar;G:\Java\JDK\jdk-8u73-windows-x64\JDK\jre\lib\ext\jaccess.jar;G:\Java\JDK\jdk-8u73-windows-x64\JDK\jre\lib\ext\jfxrt.jar;G:\Java\JDK\jdk-8u73-windows-x64\JDK\jre\lib\ext\localedata.jar;G:\Java\JDK\jdk-8u73-windows-x64\JDK\jre\lib\ext\nashorn.jar;G:\Java\JDK\jdk-8u73-windows-x64\JDK\jre\lib\ext\sunec.jar;G:\Java\JDK\jdk-8u73-windows-x64\JDK\jre\lib\ext\sunjce_provider.jar;G:\Java\JDK\jdk-8u73-windows-x64\JDK\jre\lib\ext\sunmscapi.jar;G:\Java\JDK\jdk-8u73-windows-x64\JDK\jre\lib\ext\sunpkcs11.jar;G:\Java\JDK\jdk-8u73-windows-x64\JDK\jre\lib\ext\zipfs.jar;G:\Java\JDK\jdk-8u73-windows-x64\JDK\jre\lib\javaws.jar;G:\Java\JDK\jdk-8u73-windows-x64\JDK\jre\lib\jce.jar;G:\Java\JDK\jdk-8u73-windows-x64\JDK\jre\lib\jfr.jar;G:\Java\JDK\jdk-8u73-windows-x64\JDK\jre\lib\jfxswt.jar;G:\Java\JDK\jdk-8u73-windows-x64\JDK\jre\lib\jsse.jar;G:\Java\JDK\jdk-8u73-windows-x64\JDK\jre\lib\management-agent.jar;G:\Java\JDK\jdk-8u73-windows-x64\JDK\jre\lib\plugin.jar;G:\Java\JDK\jdk-8u73-windows-x64\JDK\jre\lib\resources.jar;G:\Java\JDK\jdk-8u73-windows-x64\JDK\jre\lib\rt.jar;F:\Y2´úÂë\idea\mybatis\ssm\target\test-classes;F:\Y2´úÂë\idea\mybatis\ssm\target\classes;F:\repository\mvn\junit\junit\4.12\junit-4.12.jar;F:\repository\mvn\org\hamcrest\hamcrest-core\1.3\hamcrest-core-1.3.jar;F:\repository\mvn\javax\servlet\javax.servlet-api\4.0.0\javax.servlet-api-4.0.0.jar;F:\repository\mvn\org\mybatis\mybatis\3.4.5\mybatis-3.4.5.jar;F:\repository\mvn\org\mybatis\mybatis-s
Launcher Type: SUN_STANDARD

Environment Variables:
JAVA_HOME=G:\Java\JDK\jdk-8u73-windows-x64\JDK
CLASSPATH=.;G:\Java\JDK\jdk-8u73-windows-x64\JDK\lib\dt.jar,tools.jar;
PATH=G:\Java\JDK\jdk-8u73-windows-x64\JDK\bin;F:\product\11.2.0\dbhome_1\bin;E:\app\³ÂËþÎÄ\product\11.2.0\dbhome_1\bin;C:\Program Files (x86)\Intel\iCLS Client\;C:\Program Files\Intel\iCLS Client\;C:\Windows\system32;C:\Windows;C:\Windows\System32\Wbem;C:\Windows\System32\WindowsPowerShell\v1.0\;C:\Program Files (x86)\NVIDIA Corporation\PhysX\Common;C:\Program Files (x86)\Intel\Intel(R) Management Engine Components\DAL;C:\Program Files\Intel\Intel(R) Management Engine Components\DAL;C:\Program Files (x86)\Intel\Intel(R) Management Engine Components\IPT;C:\Program Files\Intel\Intel(R) Management Engine Components\IPT;D:\sql°²×°°ü\100\Tools\Binn\;D:\sql°²×°°ü\100\DTS\Binn\;D:\sql°²×°°ü\100\Tools\Binn\VSShell\Common7\IDE\;C:\Program Files (x86)\Microsoft Visual Studio 9.0\Common7\IDE\PrivateAssemblies\;C:\WINDOWS\system32;C:\WINDOWS;C:\WINDOWS\System32\Wbem;C:\WINDOWS\System32\WindowsPowerShell\v1.0\;C:\WINDOWS\System32\OpenSSH\;D:\mysql-5.7.26-winx64\mysql-5.7.26-winx64\bin;D:\apache-maven-3.6.1\bin;D:\apache-maven-3.6.1\bin;F:\repository\node-v10.16.0-win-x64;F:\repository\node-v10.16.0-win-x64\node_global;D:\SVN\bin;D:\TortoiseSVN\bin;C:\Users\admin\AppData\Local\Microsoft\WindowsApps;
USERNAME=³ÂËþÎÄ
OS=Windows_NT
PROCESSOR_IDENTIFIER=Intel64 Family 6 Model 142 Stepping 10, GenuineIntel



---------------  S Y S T E M  ---------------

OS: Windows 10.0 , 64 bit Build 17134 (10.0.17134.753)

CPU:total 8 (4 cores per cpu, 2 threads per core) family 6 model 142 stepping 10, cmov, cx8, fxsr, mmx, sse, sse2, sse3, ssse3, sse4.1, sse4.2, popcnt, avx, avx2, aes, clmul, erms, 3dnowpref, lzcnt, ht, tsc, tscinvbit, bmi1, bmi2, adx

Memory: 4k page, physical 8272664k(508760k free), swap 16288276k(9360k free)

vm_info: Java HotSpot(TM) 64-Bit Server VM (25.73-b02) for windows-amd64 JRE (1.8.0_73-b02), built on Jan 29 2016 17:38:49 by "java_re" with MS VC++ 10.0 (VS2010)

time: Sat Aug 24 02:15:34 2019
elapsed time: 2 seconds (0d 0h 0m 2s)

